# JRE version: Java(TM) SE Runtime Environment (7.0_40-b43) (build 1.7.0_40-b43)
# Java VM: Java HotSpot(TM) 64-Bit Server VM (24.0-b56 mixed mode bsd-amd64 compressed oops)
Heap
 PSYoungGen      total 19456K, used 7193K [0x00000007eaa80000, 0x00000007ed000000, 0x0000000800000000)
  eden space 16896K, 42% used [0x00000007eaa80000,0x00000007eb1866d8,0x00000007ebb00000)
  from space 2560K, 0% used [0x00000007ebb00000,0x00000007ebb00000,0x00000007ebd80000)
  to   space 2560K, 0% used [0x00000007ecd80000,0x00000007ecd80000,0x00000007ed000000)
 ParOldGen       total 153600K, used 78855K [0x00000007c0000000, 0x00000007c9600000, 0x00000007eaa80000)
  object space 153600K, 51% used [0x00000007c0000000,0x00000007c4d01d18,0x00000007c9600000)
 PSPermGen       total 25600K, used 11377K [0x00000007bae00000, 0x00000007bc700000, 0x00000007c0000000)
  object space 25600K, 44% used [0x00000007bae00000,0x00000007bb91c748,0x00000007bc700000)
GC Heap History (10 events):
Event: 5.461 GC heap before
{Heap before GC invocations=1 (full 0):
 PSYoungGen      total 19456K, used 16574K [0x00000007eaa80000, 0x00000007ec000000, 0x0000000800000000)
  eden space 16896K, 98% used [0x00000007eaa80000,0x00000007ebaaf848,0x00000007ebb00000)
  from space 2560K, 0% used [0x00000007ebd80000,0x00000007ebd80000,0x00000007ec000000)
  to   space 2560K, 0% used [0x00000007ebb00000,0x00000007ebb00000,0x00000007ebd80000)
 ParOldGen       total 43520K, used 40668K [0x00000007c0000000, 0x00000007c2a80000, 0x00000007eaa80000)
  object space 43520K, 93% used [0x00000007c0000000,0x00000007c27b7010,0x00000007c2a80000)
 PSPermGen       total 21504K, used 11300K [0x00000007bae00000, 0x00000007bc300000, 0x00000007c0000000)
  object space 21504K, 52% used [0x00000007bae00000,0x00000007bb909068,0x00000007bc300000)
Event: 5.473 GC heap after
Heap after GC invocations=1 (full 0):
 PSYoungGen      total 19456K, used 2535K [0x00000007eaa80000, 0x00000007ec000000, 0x0000000800000000)
  eden space 16896K, 0% used [0x00000007eaa80000,0x00000007eaa80000,0x00000007ebb00000)
  from space 2560K, 99% used [0x00000007ebb00000,0x00000007ebd79c70,0x00000007ebd80000)
  to   space 2560K, 0% used [0x00000007ebd80000,0x00000007ebd80000,0x00000007ec000000)
 ParOldGen       total 50688K, used 50574K [0x00000007c0000000, 0x00000007c3180000, 0x00000007eaa80000)
  object space 50688K, 99% used [0x00000007c0000000,0x00000007c3163bd8,0x00000007c3180000)
 PSPermGen       total 21504K, used 11300K [0x00000007bae00000, 0x00000007bc300000, 0x00000007c0000000)
  object space 21504K, 52% used [0x00000007bae00000,0x00000007bb909068,0x00000007bc300000)
}
Event: 5.473 GC heap before
{Heap before GC invocations=2 (full 1):
 PSYoungGen      total 19456K, used 2535K [0x00000007eaa80000, 0x00000007ec000000, 0x0000000800000000)
  eden space 16896K, 0% used [0x00000007eaa80000,0x00000007eaa80000,0x00000007ebb00000)
  from space 2560K, 99% used [0x00000007ebb00000,0x00000007ebd79c70,0x00000007ebd80000)
  to   space 2560K, 0% used [0x00000007ebd80000,0x00000007ebd80000,0x00000007ec000000)
 ParOldGen       total 50688K, used 50574K [0x00000007c0000000, 0x00000007c3180000, 0x00000007eaa80000)
  object space 50688K, 99% used [0x00000007c0000000,0x00000007c3163bd8,0x00000007c3180000)
 PSPermGen       total 21504K, used 11300K [0x00000007bae00000, 0x00000007bc300000, 0x00000007c0000000)
  object space 21504K, 52% used [0x00000007bae00000,0x00000007bb909068,0x00000007bc300000)
Event: 5.524 GC heap after
Heap after GC invocations=2 (full 1):
 PSYoungGen      total 19456K, used 0K [0x00000007eaa80000, 0x00000007ec000000, 0x0000000800000000)
  eden space 16896K, 0% used [0x00000007eaa80000,0x00000007eaa80000,0x00000007ebb00000)
  from space 2560K, 0% used [0x00000007ebb00000,0x00000007ebb00000,0x00000007ebd80000)
  to   space 2560K, 0% used [0x00000007ebd80000,0x00000007ebd80000,0x00000007ec000000)
 ParOldGen       total 93184K, used 47074K [0x00000007c0000000, 0x00000007c5b00000, 0x00000007eaa80000)
  object space 93184K, 50% used [0x00000007c0000000,0x00000007c2df89e0,0x00000007c5b00000)
 PSPermGen       total 23040K, used 11296K [0x00000007bae00000, 0x00000007bc480000, 0x00000007c0000000)
  object space 23040K, 49% used [0x00000007bae00000,0x00000007bb9083f8,0x00000007bc480000)
}
Event: 5.600 GC heap before
{Heap before GC invocations=3 (full 1):
 PSYoungGen      total 19456K, used 16896K [0x00000007eaa80000, 0x00000007ec000000, 0x0000000800000000)
  eden space 16896K, 100% used [0x00000007eaa80000,0x00000007ebb00000,0x00000007ebb00000)
  from space 2560K, 0% used [0x00000007ebb00000,0x00000007ebb00000,0x00000007ebd80000)
  to   space 2560K, 0% used [0x00000007ebd80000,0x00000007ebd80000,0x00000007ec000000)
 ParOldGen       total 93184K, used 47074K [0x00000007c0000000, 0x00000007c5b00000, 0x00000007eaa80000)
  object space 93184K, 50% used [0x00000007c0000000,0x00000007c2df89e0,0x00000007c5b00000)
 PSPermGen       total 23040K, used 11306K [0x00000007bae00000, 0x00000007bc480000, 0x00000007c0000000)
  object space 23040K, 49% used [0x00000007bae00000,0x00000007bb90a928,0x00000007bc480000)
Event: 5.620 GC heap after
Heap after GC invocations=3 (full 1):
 PSYoungGen      total 19456K, used 2528K [0x00000007eaa80000, 0x00000007ecf00000, 0x0000000800000000)
  eden space 16896K, 0% used [0x00000007eaa80000,0x00000007eaa80000,0x00000007ebb00000)
  from space 2560K, 98% used [0x00000007ebd80000,0x00000007ebff8020,0x00000007ec000000)
  to   space 2560K, 0% used [0x00000007ebb00000,0x00000007ebb00000,0x00000007ebd80000)
 ParOldGen       total 93184K, used 60434K [0x00000007c0000000, 0x00000007c5b00000, 0x00000007eaa80000)
  object space 93184K, 64% used [0x00000007c0000000,0x00000007c3b04a00,0x00000007c5b00000)
 PSPermGen       total 23040K, used 11306K [0x00000007bae00000, 0x00000007bc480000, 0x00000007c0000000)
  object space 23040K, 49% used [0x00000007bae00000,0x00000007bb90a928,0x00000007bc480000)
}
Event: 5.677 GC heap before
{Heap before GC invocations=4 (full 1):
 PSYoungGen      total 19456K, used 19424K [0x00000007eaa80000, 0x00000007ecf00000, 0x0000000800000000)
  eden space 16896K, 100% used [0x00000007eaa80000,0x00000007ebb00000,0x00000007ebb00000)
  from space 2560K, 98% used [0x00000007ebd80000,0x00000007ebff8020,0x00000007ec000000)
  to   space 2560K, 0% used [0x00000007ebb00000,0x00000007ebb00000,0x00000007ebd80000)
 ParOldGen       total 93184K, used 60434K [0x00000007c0000000, 0x00000007c5b00000, 0x00000007eaa80000)
  object space 93184K, 64% used [0x00000007c0000000,0x00000007c3b04a00,0x00000007c5b00000)
 PSPermGen       total 23040K, used 11306K [0x00000007bae00000, 0x00000007bc480000, 0x00000007c0000000)
  object space 23040K, 49% used [0x00000007bae00000,0x00000007bb90a928,0x00000007bc480000)
Event: 5.717 GC heap after
Heap after GC invocations=4 (full 1):
 PSYoungGen      total 19456K, used 2544K [0x00000007eaa80000, 0x00000007ed000000, 0x0000000800000000)
  eden space 16896K, 0% used [0x00000007eaa80000,0x00000007eaa80000,0x00000007ebb00000)
  from space 2560K, 99% used [0x00000007ebb00000,0x00000007ebd7c010,0x00000007ebd80000)
  to   space 2560K, 0% used [0x00000007ecd80000,0x00000007ecd80000,0x00000007ed000000)
 ParOldGen       total 93184K, used 77138K [0x00000007c0000000, 0x00000007c5b00000, 0x00000007eaa80000)
  object space 93184K, 82% used [0x00000007c0000000,0x00000007c4b54a10,0x00000007c5b00000)
 PSPermGen       total 23040K, used 11306K [0x00000007bae00000, 0x00000007bc480000, 0x00000007c0000000)
  object space 23040K, 49% used [0x00000007bae00000,0x00000007bb90a928,0x00000007bc480000)
}
Event: 5.717 GC heap before
{Heap before GC invocations=5 (full 2):
 PSYoungGen      total 19456K, used 2544K [0x00000007eaa80000, 0x00000007ed000000, 0x0000000800000000)
  eden space 16896K, 0% used [0x00000007eaa80000,0x00000007eaa80000,0x00000007ebb00000)
  from space 2560K, 99% used [0x00000007ebb00000,0x00000007ebd7c010,0x00000007ebd80000)
  to   space 2560K, 0% used [0x00000007ecd80000,0x00000007ecd80000,0x00000007ed000000)
 ParOldGen       total 93184K, used 77138K [0x00000007c0000000, 0x00000007c5b00000, 0x00000007eaa80000)
  object space 93184K, 82% used [0x00000007c0000000,0x00000007c4b54a10,0x00000007c5b00000)
 PSPermGen       total 23040K, used 11306K [0x00000007bae00000, 0x00000007bc480000, 0x00000007c0000000)
  object space 23040K, 49% used [0x00000007bae00000,0x00000007bb90a928,0x00000007bc480000)
Event: 6.154 GC heap after
Heap after GC invocations=5 (full 2):
 PSYoungGen      total 19456K, used 0K [0x00000007eaa80000, 0x00000007ed000000, 0x0000000800000000)
  eden space 16896K, 0% used [0x00000007eaa80000,0x00000007eaa80000,0x00000007ebb00000)
  from space 2560K, 0% used [0x00000007ebb00000,0x00000007ebb00000,0x00000007ebd80000)
  to   space 2560K, 0% used [0x00000007ecd80000,0x00000007ecd80000,0x00000007ed000000)
 ParOldGen       total 153600K, used 78855K [0x00000007c0000000, 0x00000007c9600000, 0x00000007eaa80000)
  object space 153600K, 51% used [0x00000007c0000000,0x00000007c4d01d18,0x00000007c9600000)
 PSPermGen       total 25600K, used 11306K [0x00000007bae00000, 0x00000007bc700000, 0x00000007c0000000)
  object space 25600K, 44% used [0x00000007bae00000,0x00000007bb90a928,0x00000007bc700000)
}

