# JRE version: Java(TM) SE Runtime Environment (7.0_40-b43) (build 1.7.0_40-b43)
# Java VM: Java HotSpot(TM) 64-Bit Server VM (24.0-b56 mixed mode bsd-amd64 compressed oops)
Heap
 PSYoungGen      total 31232K, used 11683K [0x00000007eaa80000, 0x00000007efb80000, 0x0000000800000000)
  eden space 28672K, 40% used [0x00000007eaa80000,0x00000007eb5e8e38,0x00000007ec680000)
  from space 2560K, 0% used [0x00000007ec680000,0x00000007ec680000,0x00000007ec900000)
  to   space 19456K, 0% used [0x00000007ee880000,0x00000007ee880000,0x00000007efb80000)
 ParOldGen       total 166400K, used 74660K [0x00000007c0000000, 0x00000007ca280000, 0x00000007eaa80000)
  object space 166400K, 44% used [0x00000007c0000000,0x00000007c48e91c0,0x00000007ca280000)
 PSPermGen       total 22528K, used 11409K [0x00000007bae00000, 0x00000007bc400000, 0x00000007c0000000)
  object space 22528K, 50% used [0x00000007bae00000,0x00000007bb9245c0,0x00000007bc400000)
GC Heap History (10 events):
Event: 5.608 GC heap before
{Heap before GC invocations=4 (full 1):
 PSYoungGen      total 19456K, used 16525K [0x00000007eaa80000, 0x00000007ec900000, 0x0000000800000000)
  eden space 16896K, 85% used [0x00000007eaa80000,0x00000007eb8921f8,0x00000007ebb00000)
  from space 2560K, 82% used [0x00000007ebd80000,0x00000007ebf91280,0x00000007ec000000)
  to   space 2560K, 0% used [0x00000007ebb00000,0x00000007ebb00000,0x00000007ebd80000)
 ParOldGen       total 80896K, used 53380K [0x00000007c0000000, 0x00000007c4f00000, 0x00000007eaa80000)
  object space 80896K, 65% used [0x00000007c0000000,0x00000007c3421248,0x00000007c4f00000)
 PSPermGen       total 21504K, used 9779K [0x00000007bae00000, 0x00000007bc300000, 0x00000007c0000000)
  object space 21504K, 45% used [0x00000007bae00000,0x00000007bb78cdb8,0x00000007bc300000)
Event: 5.617 GC heap after
Heap after GC invocations=4 (full 1):
 PSYoungGen      total 19456K, used 2116K [0x00000007eaa80000, 0x00000007ecb80000, 0x0000000800000000)
  eden space 16896K, 0% used [0x00000007eaa80000,0x00000007eaa80000,0x00000007ebb00000)
  from space 2560K, 82% used [0x00000007ebb00000,0x00000007ebd11280,0x00000007ebd80000)
  to   space 2560K, 0% used [0x00000007ec900000,0x00000007ec900000,0x00000007ecb80000)
 ParOldGen       total 80896K, used 63883K [0x00000007c0000000, 0x00000007c4f00000, 0x00000007eaa80000)
  object space 80896K, 78% used [0x00000007c0000000,0x00000007c3e62cc8,0x00000007c4f00000)
 PSPermGen       total 21504K, used 9779K [0x00000007bae00000, 0x00000007bc300000, 0x00000007c0000000)
  object space 21504K, 45% used [0x00000007bae00000,0x00000007bb78cdb8,0x00000007bc300000)
}
Event: 5.617 GC heap before
{Heap before GC invocations=5 (full 2):
 PSYoungGen      total 19456K, used 2116K [0x00000007eaa80000, 0x00000007ecb80000, 0x0000000800000000)
  eden space 16896K, 0% used [0x00000007eaa80000,0x00000007eaa80000,0x00000007ebb00000)
  from space 2560K, 82% used [0x00000007ebb00000,0x00000007ebd11280,0x00000007ebd80000)
  to   space 2560K, 0% used [0x00000007ec900000,0x00000007ec900000,0x00000007ecb80000)
 ParOldGen       total 80896K, used 63883K [0x00000007c0000000, 0x00000007c4f00000, 0x00000007eaa80000)
  object space 80896K, 78% used [0x00000007c0000000,0x00000007c3e62cc8,0x00000007c4f00000)
 PSPermGen       total 21504K, used 9779K [0x00000007bae00000, 0x00000007bc300000, 0x00000007c0000000)
  object space 21504K, 45% used [0x00000007bae00000,0x00000007bb78cdb8,0x00000007bc300000)
Event: 5.645 GC heap after
Heap after GC invocations=5 (full 2):
 PSYoungGen      total 19456K, used 0K [0x00000007eaa80000, 0x00000007ecb80000, 0x0000000800000000)
  eden space 16896K, 0% used [0x00000007eaa80000,0x00000007eaa80000,0x00000007ebb00000)
  from space 2560K, 0% used [0x00000007ebb00000,0x00000007ebb00000,0x00000007ebd80000)
  to   space 2560K, 0% used [0x00000007ec900000,0x00000007ec900000,0x00000007ecb80000)
 ParOldGen       total 116736K, used 46348K [0x00000007c0000000, 0x00000007c7200000, 0x00000007eaa80000)
  object space 116736K, 39% used [0x00000007c0000000,0x00000007c2d43378,0x00000007c7200000)
 PSPermGen       total 22016K, used 9779K [0x00000007bae00000, 0x00000007bc380000, 0x00000007c0000000)
  object space 22016K, 44% used [0x00000007bae00000,0x00000007bb78cd78,0x00000007bc380000)
}
Event: 7.889 GC heap before
{Heap before GC invocations=6 (full 2):
 PSYoungGen      total 19456K, used 16096K [0x00000007eaa80000, 0x00000007ecb80000, 0x0000000800000000)
  eden space 16896K, 95% used [0x00000007eaa80000,0x00000007eba38058,0x00000007ebb00000)
  from space 2560K, 0% used [0x00000007ebb00000,0x00000007ebb00000,0x00000007ebd80000)
  to   space 2560K, 0% used [0x00000007ec900000,0x00000007ec900000,0x00000007ecb80000)
 ParOldGen       total 116736K, used 46348K [0x00000007c0000000, 0x00000007c7200000, 0x00000007eaa80000)
  object space 116736K, 39% used [0x00000007c0000000,0x00000007c2d43378,0x00000007c7200000)
 PSPermGen       total 22016K, used 11312K [0x00000007bae00000, 0x00000007bc380000, 0x00000007c0000000)
  object space 22016K, 51% used [0x00000007bae00000,0x00000007bb90c2b0,0x00000007bc380000)
Event: 7.894 GC heap after
Heap after GC invocations=6 (full 2):
 PSYoungGen      total 26624K, used 2250K [0x00000007eaa80000, 0x00000007ecb80000, 0x0000000800000000)
  eden space 24064K, 0% used [0x00000007eaa80000,0x00000007eaa80000,0x00000007ec200000)
  from space 2560K, 87% used [0x00000007ec900000,0x00000007ecb32918,0x00000007ecb80000)
  to   space 2560K, 0% used [0x00000007ec680000,0x00000007ec680000,0x00000007ec900000)
 ParOldGen       total 116736K, used 63338K [0x00000007c0000000, 0x00000007c7200000, 0x00000007eaa80000)
  object space 116736K, 54% used [0x00000007c0000000,0x00000007c3dda868,0x00000007c7200000)
 PSPermGen       total 22016K, used 11312K [0x00000007bae00000, 0x00000007bc380000, 0x00000007c0000000)
  object space 22016K, 51% used [0x00000007bae00000,0x00000007bb90c2b0,0x00000007bc380000)
}
Event: 7.997 GC heap before
{Heap before GC invocations=7 (full 2):
 PSYoungGen      total 26624K, used 26314K [0x00000007eaa80000, 0x00000007ecb80000, 0x0000000800000000)
  eden space 24064K, 100% used [0x00000007eaa80000,0x00000007ec200000,0x00000007ec200000)
  from space 2560K, 87% used [0x00000007ec900000,0x00000007ecb32918,0x00000007ecb80000)
  to   space 2560K, 0% used [0x00000007ec680000,0x00000007ec680000,0x00000007ec900000)
 ParOldGen       total 116736K, used 63338K [0x00000007c0000000, 0x00000007c7200000, 0x00000007eaa80000)
  object space 116736K, 54% used [0x00000007c0000000,0x00000007c3dda868,0x00000007c7200000)
 PSPermGen       total 22016K, used 11316K [0x00000007bae00000, 0x00000007bc380000, 0x00000007c0000000)
  object space 22016K, 51% used [0x00000007bae00000,0x00000007bb90d298,0x00000007bc380000)
Event: 8.089 GC heap after
Heap after GC invocations=7 (full 2):
 PSYoungGen      total 31232K, used 2551K [0x00000007eaa80000, 0x00000007efb80000, 0x0000000800000000)
  eden space 28672K, 0% used [0x00000007eaa80000,0x00000007eaa80000,0x00000007ec680000)
  from space 2560K, 99% used [0x00000007ec680000,0x00000007ec8fdc80,0x00000007ec900000)
  to   space 19456K, 0% used [0x00000007ee880000,0x00000007ee880000,0x00000007efb80000)
 ParOldGen       total 116736K, used 86658K [0x00000007c0000000, 0x00000007c7200000, 0x00000007eaa80000)
  object space 116736K, 74% used [0x00000007c0000000,0x00000007c54a0878,0x00000007c7200000)
 PSPermGen       total 22016K, used 11316K [0x00000007bae00000, 0x00000007bc380000, 0x00000007c0000000)
  object space 22016K, 51% used [0x00000007bae00000,0x00000007bb90d298,0x00000007bc380000)
}
Event: 8.089 GC heap before
{Heap before GC invocations=8 (full 3):
 PSYoungGen      total 31232K, used 2551K [0x00000007eaa80000, 0x00000007efb80000, 0x0000000800000000)
  eden space 28672K, 0% used [0x00000007eaa80000,0x00000007eaa80000,0x00000007ec680000)
  from space 2560K, 99% used [0x00000007ec680000,0x00000007ec8fdc80,0x00000007ec900000)
  to   space 19456K, 0% used [0x00000007ee880000,0x00000007ee880000,0x00000007efb80000)
 ParOldGen       total 116736K, used 86658K [0x00000007c0000000, 0x00000007c7200000, 0x00000007eaa80000)
  object space 116736K, 74% used [0x00000007c0000000,0x00000007c54a0878,0x00000007c7200000)
 PSPermGen       total 22016K, used 11316K [0x00000007bae00000, 0x00000007bc380000, 0x00000007c0000000)
  object space 22016K, 51% used [0x00000007bae00000,0x00000007bb90d298,0x00000007bc380000)
Event: 8.361 GC heap after
Heap after GC invocations=8 (full 3):
 PSYoungGen      total 31232K, used 0K [0x00000007eaa80000, 0x00000007efb80000, 0x0000000800000000)
  eden space 28672K, 0% used [0x00000007eaa80000,0x00000007eaa80000,0x00000007ec680000)
  from space 2560K, 0% used [0x00000007ec680000,0x00000007ec680000,0x00000007ec900000)
  to   space 19456K, 0% used [0x00000007ee880000,0x00000007ee880000,0x00000007efb80000)
 ParOldGen       total 166400K, used 74660K [0x00000007c0000000, 0x00000007ca280000, 0x00000007eaa80000)
  object space 166400K, 44% used [0x00000007c0000000,0x00000007c48e91c0,0x00000007ca280000)
 PSPermGen       total 22528K, used 11316K [0x00000007bae00000, 0x00000007bc400000, 0x00000007c0000000)
  object space 22528K, 50% used [0x00000007bae00000,0x00000007bb90d228,0x00000007bc400000)
}

