# JRE version: Java(TM) SE Runtime Environment (7.0_40-b43) (build 1.7.0_40-b43)
# Java VM: Java HotSpot(TM) 64-Bit Server VM (24.0-b56 mixed mode bsd-amd64 compressed oops)
Heap
 PSYoungGen      total 35840K, used 915K [0x00000007eaa80000, 0x00000007ed000000, 0x0000000800000000)
  eden space 33280K, 2% used [0x00000007eaa80000,0x00000007eab64cd0,0x00000007ecb00000)
  from space 2560K, 0% used [0x00000007ecd80000,0x00000007ecd80000,0x00000007ed000000)
  to   space 2560K, 0% used [0x00000007ecb00000,0x00000007ecb00000,0x00000007ecd80000)
 ParOldGen       total 79872K, used 42738K [0x00000007c0000000, 0x00000007c4e00000, 0x00000007eaa80000)
  object space 79872K, 53% used [0x00000007c0000000,0x00000007c29bca88,0x00000007c4e00000)
 PSPermGen       total 24576K, used 10997K [0x00000007bae00000, 0x00000007bc600000, 0x00000007c0000000)
  object space 24576K, 44% used [0x00000007bae00000,0x00000007bb8bd5a0,0x00000007bc600000)
GC Heap History (10 events):
Event: 30.389 GC heap before
{Heap before GC invocations=2 (full 0):
 PSYoungGen      total 19456K, used 19447K [0x00000007eaa80000, 0x00000007ec000000, 0x0000000800000000)
  eden space 16896K, 100% used [0x00000007eaa80000,0x00000007ebb00000,0x00000007ebb00000)
  from space 2560K, 99% used [0x00000007ebb00000,0x00000007ebd7dc80,0x00000007ebd80000)
  to   space 2560K, 0% used [0x00000007ebd80000,0x00000007ebd80000,0x00000007ec000000)
 ParOldGen       total 43520K, used 11029K [0x00000007c0000000, 0x00000007c2a80000, 0x00000007eaa80000)
  object space 43520K, 25% used [0x00000007c0000000,0x00000007c0ac5498,0x00000007c2a80000)
 PSPermGen       total 21504K, used 10881K [0x00000007bae00000, 0x00000007bc300000, 0x00000007c0000000)
  object space 21504K, 50% used [0x00000007bae00000,0x00000007bb8a0640,0x00000007bc300000)
Event: 30.433 GC heap after
Heap after GC invocations=2 (full 0):
 PSYoungGen      total 19456K, used 2551K [0x00000007eaa80000, 0x00000007ed080000, 0x0000000800000000)
  eden space 16896K, 0% used [0x00000007eaa80000,0x00000007eaa80000,0x00000007ebb00000)
  from space 2560K, 99% used [0x00000007ebd80000,0x00000007ebffdc60,0x00000007ec000000)
  to   space 2560K, 0% used [0x00000007ebb00000,0x00000007ebb00000,0x00000007ebd80000)
 ParOldGen       total 43520K, used 27277K [0x00000007c0000000, 0x00000007c2a80000, 0x00000007eaa80000)
  object space 43520K, 62% used [0x00000007c0000000,0x00000007c1aa34d8,0x00000007c2a80000)
 PSPermGen       total 21504K, used 10881K [0x00000007bae00000, 0x00000007bc300000, 0x00000007c0000000)
  object space 21504K, 50% used [0x00000007bae00000,0x00000007bb8a0640,0x00000007bc300000)
}
Event: 30.433 GC heap before
{Heap before GC invocations=3 (full 1):
 PSYoungGen      total 19456K, used 2551K [0x00000007eaa80000, 0x00000007ed080000, 0x0000000800000000)
  eden space 16896K, 0% used [0x00000007eaa80000,0x00000007eaa80000,0x00000007ebb00000)
  from space 2560K, 99% used [0x00000007ebd80000,0x00000007ebffdc60,0x00000007ec000000)
  to   space 2560K, 0% used [0x00000007ebb00000,0x00000007ebb00000,0x00000007ebd80000)
 ParOldGen       total 43520K, used 27277K [0x00000007c0000000, 0x00000007c2a80000, 0x00000007eaa80000)
  object space 43520K, 62% used [0x00000007c0000000,0x00000007c1aa34d8,0x00000007c2a80000)
 PSPermGen       total 21504K, used 10881K [0x00000007bae00000, 0x00000007bc300000, 0x00000007c0000000)
  object space 21504K, 50% used [0x00000007bae00000,0x00000007bb8a0640,0x00000007bc300000)
Event: 30.591 GC heap after
Heap after GC invocations=3 (full 1):
 PSYoungGen      total 19456K, used 0K [0x00000007eaa80000, 0x00000007ed080000, 0x0000000800000000)
  eden space 16896K, 0% used [0x00000007eaa80000,0x00000007eaa80000,0x00000007ebb00000)
  from space 2560K, 0% used [0x00000007ebd80000,0x00000007ebd80000,0x00000007ec000000)
  to   space 2560K, 0% used [0x00000007ebb00000,0x00000007ebb00000,0x00000007ebd80000)
 ParOldGen       total 58368K, used 23064K [0x00000007c0000000, 0x00000007c3900000, 0x00000007eaa80000)
  object space 58368K, 39% used [0x00000007c0000000,0x00000007c16862d8,0x00000007c3900000)
 PSPermGen       total 22016K, used 10878K [0x00000007bae00000, 0x00000007bc380000, 0x00000007c0000000)
  object space 22016K, 49% used [0x00000007bae00000,0x00000007bb89fad8,0x00000007bc380000)
}
Event: 31.667 GC heap before
{Heap before GC invocations=4 (full 1):
 PSYoungGen      total 19456K, used 16805K [0x00000007eaa80000, 0x00000007ed080000, 0x0000000800000000)
  eden space 16896K, 99% used [0x00000007eaa80000,0x00000007ebae9608,0x00000007ebb00000)
  from space 2560K, 0% used [0x00000007ebd80000,0x00000007ebd80000,0x00000007ec000000)
  to   space 2560K, 0% used [0x00000007ebb00000,0x00000007ebb00000,0x00000007ebd80000)
 ParOldGen       total 58368K, used 23064K [0x00000007c0000000, 0x00000007c3900000, 0x00000007eaa80000)
  object space 58368K, 39% used [0x00000007c0000000,0x00000007c16862d8,0x00000007c3900000)
 PSPermGen       total 22016K, used 10879K [0x00000007bae00000, 0x00000007bc380000, 0x00000007c0000000)
  object space 22016K, 49% used [0x00000007bae00000,0x00000007bb89fdb0,0x00000007bc380000)
Event: 31.725 GC heap after
Heap after GC invocations=4 (full 1):
 PSYoungGen      total 19456K, used 2560K [0x00000007eaa80000, 0x00000007ed000000, 0x0000000800000000)
  eden space 16896K, 0% used [0x00000007eaa80000,0x00000007eaa80000,0x00000007ebb00000)
  from space 2560K, 100% used [0x00000007ebb00000,0x00000007ebd80000,0x00000007ebd80000)
  to   space 2560K, 0% used [0x00000007ecd80000,0x00000007ecd80000,0x00000007ed000000)
 ParOldGen       total 58368K, used 36776K [0x00000007c0000000, 0x00000007c3900000, 0x00000007eaa80000)
  object space 58368K, 63% used [0x00000007c0000000,0x00000007c23ea2d8,0x00000007c3900000)
 PSPermGen       total 22016K, used 10879K [0x00000007bae00000, 0x00000007bc380000, 0x00000007c0000000)
  object space 22016K, 49% used [0x00000007bae00000,0x00000007bb89fdb0,0x00000007bc380000)
}
Event: 60.773 GC heap before
{Heap before GC invocations=5 (full 1):
 PSYoungGen      total 19456K, used 19456K [0x00000007eaa80000, 0x00000007ed000000, 0x0000000800000000)
  eden space 16896K, 100% used [0x00000007eaa80000,0x00000007ebb00000,0x00000007ebb00000)
  from space 2560K, 100% used [0x00000007ebb00000,0x00000007ebd80000,0x00000007ebd80000)
  to   space 2560K, 0% used [0x00000007ecd80000,0x00000007ecd80000,0x00000007ed000000)
 ParOldGen       total 58368K, used 36776K [0x00000007c0000000, 0x00000007c3900000, 0x00000007eaa80000)
  object space 58368K, 63% used [0x00000007c0000000,0x00000007c23ea2d8,0x00000007c3900000)
 PSPermGen       total 22016K, used 10991K [0x00000007bae00000, 0x00000007bc380000, 0x00000007c0000000)
  object space 22016K, 49% used [0x00000007bae00000,0x00000007bb8bbd50,0x00000007bc380000)
Event: 60.787 GC heap after
Heap after GC invocations=5 (full 1):
 PSYoungGen      total 35840K, used 2560K [0x00000007eaa80000, 0x00000007ed000000, 0x0000000800000000)
  eden space 33280K, 0% used [0x00000007eaa80000,0x00000007eaa80000,0x00000007ecb00000)
  from space 2560K, 100% used [0x00000007ecd80000,0x00000007ed000000,0x00000007ed000000)
  to   space 2560K, 0% used [0x00000007ecb00000,0x00000007ecb00000,0x00000007ecd80000)
 ParOldGen       total 58368K, used 43336K [0x00000007c0000000, 0x00000007c3900000, 0x00000007eaa80000)
  object space 58368K, 74% used [0x00000007c0000000,0x00000007c2a52310,0x00000007c3900000)
 PSPermGen       total 22016K, used 10991K [0x00000007bae00000, 0x00000007bc380000, 0x00000007c0000000)
  object space 22016K, 49% used [0x00000007bae00000,0x00000007bb8bbd50,0x00000007bc380000)
}
Event: 60.787 GC heap before
{Heap before GC invocations=6 (full 2):
 PSYoungGen      total 35840K, used 2560K [0x00000007eaa80000, 0x00000007ed000000, 0x0000000800000000)
  eden space 33280K, 0% used [0x00000007eaa80000,0x00000007eaa80000,0x00000007ecb00000)
  from space 2560K, 100% used [0x00000007ecd80000,0x00000007ed000000,0x00000007ed000000)
  to   space 2560K, 0% used [0x00000007ecb00000,0x00000007ecb00000,0x00000007ecd80000)
 ParOldGen       total 58368K, used 43336K [0x00000007c0000000, 0x00000007c3900000, 0x00000007eaa80000)
  object space 58368K, 74% used [0x00000007c0000000,0x00000007c2a52310,0x00000007c3900000)
 PSPermGen       total 22016K, used 10991K [0x00000007bae00000, 0x00000007bc380000, 0x00000007c0000000)
  object space 22016K, 49% used [0x00000007bae00000,0x00000007bb8bbd50,0x00000007bc380000)
Event: 61.043 GC heap after
Heap after GC invocations=6 (full 2):
 PSYoungGen      total 35840K, used 0K [0x00000007eaa80000, 0x00000007ed000000, 0x0000000800000000)
  eden space 33280K, 0% used [0x00000007eaa80000,0x00000007eaa80000,0x00000007ecb00000)
  from space 2560K, 0% used [0x00000007ecd80000,0x00000007ecd80000,0x00000007ed000000)
  to   space 2560K, 0% used [0x00000007ecb00000,0x00000007ecb00000,0x00000007ecd80000)
 ParOldGen       total 79872K, used 42738K [0x00000007c0000000, 0x00000007c4e00000, 0x00000007eaa80000)
  object space 79872K, 53% used [0x00000007c0000000,0x00000007c29bca88,0x00000007c4e00000)
 PSPermGen       total 24576K, used 10991K [0x00000007bae00000, 0x00000007bc600000, 0x00000007c0000000)
  object space 24576K, 44% used [0x00000007bae00000,0x00000007bb8bbcd0,0x00000007bc600000)
}

