# JRE version: Java(TM) SE Runtime Environment (7.0_40-b43) (build 1.7.0_40-b43)
# Java VM: Java HotSpot(TM) 64-Bit Server VM (24.0-b56 mixed mode bsd-amd64 compressed oops)
Heap
 PSYoungGen      total 19456K, used 5077K [0x00000007eaa80000, 0x00000007ecf80000, 0x0000000800000000)
  eden space 16896K, 30% used [0x00000007eaa80000,0x00000007eaf75560,0x00000007ebb00000)
  from space 2560K, 0% used [0x00000007ebb00000,0x00000007ebb00000,0x00000007ebd80000)
  to   space 2560K, 0% used [0x00000007ecd00000,0x00000007ecd00000,0x00000007ecf80000)
 ParOldGen       total 149504K, used 79144K [0x00000007c0000000, 0x00000007c9200000, 0x00000007eaa80000)
  object space 149504K, 52% used [0x00000007c0000000,0x00000007c4d4a3e0,0x00000007c9200000)
 PSPermGen       total 25600K, used 11367K [0x00000007bae00000, 0x00000007bc700000, 0x00000007c0000000)
  object space 25600K, 44% used [0x00000007bae00000,0x00000007bb919fc0,0x00000007bc700000)
GC Heap History (10 events):
Event: 5.178 GC heap before
{Heap before GC invocations=1 (full 0):
 PSYoungGen      total 19456K, used 16513K [0x00000007eaa80000, 0x00000007ec000000, 0x0000000800000000)
  eden space 16896K, 97% used [0x00000007eaa80000,0x00000007ebaa0768,0x00000007ebb00000)
  from space 2560K, 0% used [0x00000007ebd80000,0x00000007ebd80000,0x00000007ec000000)
  to   space 2560K, 0% used [0x00000007ebb00000,0x00000007ebb00000,0x00000007ebd80000)
 ParOldGen       total 43520K, used 40668K [0x00000007c0000000, 0x00000007c2a80000, 0x00000007eaa80000)
  object space 43520K, 93% used [0x00000007c0000000,0x00000007c27b7010,0x00000007c2a80000)
 PSPermGen       total 21504K, used 11299K [0x00000007bae00000, 0x00000007bc300000, 0x00000007c0000000)
  object space 21504K, 52% used [0x00000007bae00000,0x00000007bb908eb0,0x00000007bc300000)
Event: 5.204 GC heap after
Heap after GC invocations=1 (full 0):
 PSYoungGen      total 19456K, used 2543K [0x00000007eaa80000, 0x00000007ec000000, 0x0000000800000000)
  eden space 16896K, 0% used [0x00000007eaa80000,0x00000007eaa80000,0x00000007ebb00000)
  from space 2560K, 99% used [0x00000007ebb00000,0x00000007ebd7be80,0x00000007ebd80000)
  to   space 2560K, 0% used [0x00000007ebd80000,0x00000007ebd80000,0x00000007ec000000)
 ParOldGen       total 52736K, used 50854K [0x00000007c0000000, 0x00000007c3380000, 0x00000007eaa80000)
  object space 52736K, 96% used [0x00000007c0000000,0x00000007c31a9bd8,0x00000007c3380000)
 PSPermGen       total 21504K, used 11299K [0x00000007bae00000, 0x00000007bc300000, 0x00000007c0000000)
  object space 21504K, 52% used [0x00000007bae00000,0x00000007bb908eb0,0x00000007bc300000)
}
Event: 5.205 GC heap before
{Heap before GC invocations=2 (full 1):
 PSYoungGen      total 19456K, used 2543K [0x00000007eaa80000, 0x00000007ec000000, 0x0000000800000000)
  eden space 16896K, 0% used [0x00000007eaa80000,0x00000007eaa80000,0x00000007ebb00000)
  from space 2560K, 99% used [0x00000007ebb00000,0x00000007ebd7be80,0x00000007ebd80000)
  to   space 2560K, 0% used [0x00000007ebd80000,0x00000007ebd80000,0x00000007ec000000)
 ParOldGen       total 52736K, used 50854K [0x00000007c0000000, 0x00000007c3380000, 0x00000007eaa80000)
  object space 52736K, 96% used [0x00000007c0000000,0x00000007c31a9bd8,0x00000007c3380000)
 PSPermGen       total 21504K, used 11299K [0x00000007bae00000, 0x00000007bc300000, 0x00000007c0000000)
  object space 21504K, 52% used [0x00000007bae00000,0x00000007bb908eb0,0x00000007bc300000)
Event: 5.279 GC heap after
Heap after GC invocations=2 (full 1):
 PSYoungGen      total 19456K, used 0K [0x00000007eaa80000, 0x00000007ec000000, 0x0000000800000000)
  eden space 16896K, 0% used [0x00000007eaa80000,0x00000007eaa80000,0x00000007ebb00000)
  from space 2560K, 0% used [0x00000007ebb00000,0x00000007ebb00000,0x00000007ebd80000)
  to   space 2560K, 0% used [0x00000007ebd80000,0x00000007ebd80000,0x00000007ec000000)
 ParOldGen       total 92672K, used 47360K [0x00000007c0000000, 0x00000007c5a80000, 0x00000007eaa80000)
  object space 92672K, 51% used [0x00000007c0000000,0x00000007c2e400b8,0x00000007c5a80000)
 PSPermGen       total 23040K, used 11296K [0x00000007bae00000, 0x00000007bc480000, 0x00000007c0000000)
  object space 23040K, 49% used [0x00000007bae00000,0x00000007bb908240,0x00000007bc480000)
}
Event: 5.412 GC heap before
{Heap before GC invocations=3 (full 1):
 PSYoungGen      total 19456K, used 16896K [0x00000007eaa80000, 0x00000007ec000000, 0x0000000800000000)
  eden space 16896K, 100% used [0x00000007eaa80000,0x00000007ebb00000,0x00000007ebb00000)
  from space 2560K, 0% used [0x00000007ebb00000,0x00000007ebb00000,0x00000007ebd80000)
  to   space 2560K, 0% used [0x00000007ebd80000,0x00000007ebd80000,0x00000007ec000000)
 ParOldGen       total 92672K, used 47360K [0x00000007c0000000, 0x00000007c5a80000, 0x00000007eaa80000)
  object space 92672K, 51% used [0x00000007c0000000,0x00000007c2e400b8,0x00000007c5a80000)
 PSPermGen       total 23040K, used 11305K [0x00000007bae00000, 0x00000007bc480000, 0x00000007c0000000)
  object space 23040K, 49% used [0x00000007bae00000,0x00000007bb90a590,0x00000007bc480000)
Event: 5.460 GC heap after
Heap after GC invocations=3 (full 1):
 PSYoungGen      total 19456K, used 2528K [0x00000007eaa80000, 0x00000007ece80000, 0x0000000800000000)
  eden space 16896K, 0% used [0x00000007eaa80000,0x00000007eaa80000,0x00000007ebb00000)
  from space 2560K, 98% used [0x00000007ebd80000,0x00000007ebff8020,0x00000007ec000000)
  to   space 2560K, 0% used [0x00000007ebb00000,0x00000007ebb00000,0x00000007ebd80000)
 ParOldGen       total 92672K, used 61920K [0x00000007c0000000, 0x00000007c5a80000, 0x00000007eaa80000)
  object space 92672K, 66% used [0x00000007c0000000,0x00000007c3c780e8,0x00000007c5a80000)
 PSPermGen       total 23040K, used 11305K [0x00000007bae00000, 0x00000007bc480000, 0x00000007c0000000)
  object space 23040K, 49% used [0x00000007bae00000,0x00000007bb90a590,0x00000007bc480000)
}
Event: 5.555 GC heap before
{Heap before GC invocations=4 (full 1):
 PSYoungGen      total 19456K, used 19424K [0x00000007eaa80000, 0x00000007ece80000, 0x0000000800000000)
  eden space 16896K, 100% used [0x00000007eaa80000,0x00000007ebb00000,0x00000007ebb00000)
  from space 2560K, 98% used [0x00000007ebd80000,0x00000007ebff8020,0x00000007ec000000)
  to   space 2560K, 0% used [0x00000007ebb00000,0x00000007ebb00000,0x00000007ebd80000)
 ParOldGen       total 92672K, used 61920K [0x00000007c0000000, 0x00000007c5a80000, 0x00000007eaa80000)
  object space 92672K, 66% used [0x00000007c0000000,0x00000007c3c780e8,0x00000007c5a80000)
 PSPermGen       total 23040K, used 11305K [0x00000007bae00000, 0x00000007bc480000, 0x00000007c0000000)
  object space 23040K, 49% used [0x00000007bae00000,0x00000007bb90a590,0x00000007bc480000)
Event: 5.629 GC heap after
Heap after GC invocations=4 (full 1):
 PSYoungGen      total 19456K, used 2544K [0x00000007eaa80000, 0x00000007ecf80000, 0x0000000800000000)
  eden space 16896K, 0% used [0x00000007eaa80000,0x00000007eaa80000,0x00000007ebb00000)
  from space 2560K, 99% used [0x00000007ebb00000,0x00000007ebd7c010,0x00000007ebd80000)
  to   space 2560K, 0% used [0x00000007ecd00000,0x00000007ecd00000,0x00000007ecf80000)
 ParOldGen       total 92672K, used 77416K [0x00000007c0000000, 0x00000007c5a80000, 0x00000007eaa80000)
  object space 92672K, 83% used [0x00000007c0000000,0x00000007c4b9a0e8,0x00000007c5a80000)
 PSPermGen       total 23040K, used 11305K [0x00000007bae00000, 0x00000007bc480000, 0x00000007c0000000)
  object space 23040K, 49% used [0x00000007bae00000,0x00000007bb90a590,0x00000007bc480000)
}
Event: 5.629 GC heap before
{Heap before GC invocations=5 (full 2):
 PSYoungGen      total 19456K, used 2544K [0x00000007eaa80000, 0x00000007ecf80000, 0x0000000800000000)
  eden space 16896K, 0% used [0x00000007eaa80000,0x00000007eaa80000,0x00000007ebb00000)
  from space 2560K, 99% used [0x00000007ebb00000,0x00000007ebd7c010,0x00000007ebd80000)
  to   space 2560K, 0% used [0x00000007ecd00000,0x00000007ecd00000,0x00000007ecf80000)
 ParOldGen       total 92672K, used 77416K [0x00000007c0000000, 0x00000007c5a80000, 0x00000007eaa80000)
  object space 92672K, 83% used [0x00000007c0000000,0x00000007c4b9a0e8,0x00000007c5a80000)
 PSPermGen       total 23040K, used 11305K [0x00000007bae00000, 0x00000007bc480000, 0x00000007c0000000)
  object space 23040K, 49% used [0x00000007bae00000,0x00000007bb90a590,0x00000007bc480000)
Event: 6.086 GC heap after
Heap after GC invocations=5 (full 2):
 PSYoungGen      total 19456K, used 0K [0x00000007eaa80000, 0x00000007ecf80000, 0x0000000800000000)
  eden space 16896K, 0% used [0x00000007eaa80000,0x00000007eaa80000,0x00000007ebb00000)
  from space 2560K, 0% used [0x00000007ebb00000,0x00000007ebb00000,0x00000007ebd80000)
  to   space 2560K, 0% used [0x00000007ecd00000,0x00000007ecd00000,0x00000007ecf80000)
 ParOldGen       total 149504K, used 79144K [0x00000007c0000000, 0x00000007c9200000, 0x00000007eaa80000)
  object space 149504K, 52% used [0x00000007c0000000,0x00000007c4d4a3e0,0x00000007c9200000)
 PSPermGen       total 25600K, used 11305K [0x00000007bae00000, 0x00000007bc700000, 0x00000007c0000000)
  object space 25600K, 44% used [0x00000007bae00000,0x00000007bb90a590,0x00000007bc700000)
}

