# JRE version: Java(TM) SE Runtime Environment (7.0_40-b43) (build 1.7.0_40-b43)
# Java VM: Java HotSpot(TM) 64-Bit Server VM (24.0-b56 mixed mode bsd-amd64 compressed oops)
Heap
 PSYoungGen      total 35328K, used 8355K [0x00000007eaa80000, 0x00000007f0f80000, 0x0000000800000000)
  eden space 32768K, 18% used [0x00000007eaa80000,0x00000007eb045e50,0x00000007eca80000)
  from space 2560K, 95% used [0x00000007eca80000,0x00000007ecce3058,0x00000007ecd00000)
  to   space 22528K, 0% used [0x00000007ef980000,0x00000007ef980000,0x00000007f0f80000)
 ParOldGen       total 81408K, used 51078K [0x00000007c0000000, 0x00000007c4f80000, 0x00000007eaa80000)
  object space 81408K, 62% used [0x00000007c0000000,0x00000007c31e1978,0x00000007c4f80000)
 PSPermGen       total 25088K, used 11000K [0x00000007bae00000, 0x00000007bc680000, 0x00000007c0000000)
  object space 25088K, 43% used [0x00000007bae00000,0x00000007bb8be038,0x00000007bc680000)
GC Heap History (10 events):
Event: 14.831 GC heap before
{Heap before GC invocations=3 (full 1):
 PSYoungGen      total 19456K, used 2551K [0x00000007eaa80000, 0x00000007ed080000, 0x0000000800000000)
  eden space 16896K, 0% used [0x00000007eaa80000,0x00000007eaa80000,0x00000007ebb00000)
  from space 2560K, 99% used [0x00000007ebd80000,0x00000007ebffdc80,0x00000007ec000000)
  to   space 2560K, 0% used [0x00000007ebb00000,0x00000007ebb00000,0x00000007ebd80000)
 ParOldGen       total 43520K, used 27258K [0x00000007c0000000, 0x00000007c2a80000, 0x00000007eaa80000)
  object space 43520K, 62% used [0x00000007c0000000,0x00000007c1a9eb68,0x00000007c2a80000)
 PSPermGen       total 21504K, used 10899K [0x00000007bae00000, 0x00000007bc300000, 0x00000007c0000000)
  object space 21504K, 50% used [0x00000007bae00000,0x00000007bb8a4f60,0x00000007bc300000)
Event: 15.007 GC heap after
Heap after GC invocations=3 (full 1):
 PSYoungGen      total 19456K, used 0K [0x00000007eaa80000, 0x00000007ed080000, 0x0000000800000000)
  eden space 16896K, 0% used [0x00000007eaa80000,0x00000007eaa80000,0x00000007ebb00000)
  from space 2560K, 0% used [0x00000007ebd80000,0x00000007ebd80000,0x00000007ec000000)
  to   space 2560K, 0% used [0x00000007ebb00000,0x00000007ebb00000,0x00000007ebd80000)
 ParOldGen       total 59392K, used 23060K [0x00000007c0000000, 0x00000007c3a00000, 0x00000007eaa80000)
  object space 59392K, 38% used [0x00000007c0000000,0x00000007c1685068,0x00000007c3a00000)
 PSPermGen       total 22016K, used 10896K [0x00000007bae00000, 0x00000007bc380000, 0x00000007c0000000)
  object space 22016K, 49% used [0x00000007bae00000,0x00000007bb8a43f8,0x00000007bc380000)
}
Event: 16.116 GC heap before
{Heap before GC invocations=4 (full 1):
 PSYoungGen      total 19456K, used 16421K [0x00000007eaa80000, 0x00000007ed080000, 0x0000000800000000)
  eden space 16896K, 97% used [0x00000007eaa80000,0x00000007eba895b0,0x00000007ebb00000)
  from space 2560K, 0% used [0x00000007ebd80000,0x00000007ebd80000,0x00000007ec000000)
  to   space 2560K, 0% used [0x00000007ebb00000,0x00000007ebb00000,0x00000007ebd80000)
 ParOldGen       total 59392K, used 23060K [0x00000007c0000000, 0x00000007c3a00000, 0x00000007eaa80000)
  object space 59392K, 38% used [0x00000007c0000000,0x00000007c1685068,0x00000007c3a00000)
 PSPermGen       total 22016K, used 10896K [0x00000007bae00000, 0x00000007bc380000, 0x00000007c0000000)
  object space 22016K, 49% used [0x00000007bae00000,0x00000007bb8a43f8,0x00000007bc380000)
Event: 16.172 GC heap after
Heap after GC invocations=4 (full 1):
 PSYoungGen      total 19456K, used 2560K [0x00000007eaa80000, 0x00000007ecf80000, 0x0000000800000000)
  eden space 16896K, 0% used [0x00000007eaa80000,0x00000007eaa80000,0x00000007ebb00000)
  from space 2560K, 100% used [0x00000007ebb00000,0x00000007ebd80000,0x00000007ebd80000)
  to   space 2560K, 0% used [0x00000007ecd00000,0x00000007ecd00000,0x00000007ecf80000)
 ParOldGen       total 59392K, used 36780K [0x00000007c0000000, 0x00000007c3a00000, 0x00000007eaa80000)
  object space 59392K, 61% used [0x00000007c0000000,0x00000007c23eb068,0x00000007c3a00000)
 PSPermGen       total 22016K, used 10896K [0x00000007bae00000, 0x00000007bc380000, 0x00000007c0000000)
  object space 22016K, 49% used [0x00000007bae00000,0x00000007bb8a43f8,0x00000007bc380000)
}
Event: 27.656 GC heap before
{Heap before GC invocations=5 (full 1):
 PSYoungGen      total 19456K, used 17857K [0x00000007eaa80000, 0x00000007ecf80000, 0x0000000800000000)
  eden space 16896K, 90% used [0x00000007eaa80000,0x00000007eb970568,0x00000007ebb00000)
  from space 2560K, 100% used [0x00000007ebb00000,0x00000007ebd80000,0x00000007ebd80000)
  to   space 2560K, 0% used [0x00000007ecd00000,0x00000007ecd00000,0x00000007ecf80000)
 ParOldGen       total 59392K, used 36780K [0x00000007c0000000, 0x00000007c3a00000, 0x00000007eaa80000)
  object space 59392K, 61% used [0x00000007c0000000,0x00000007c23eb068,0x00000007c3a00000)
 PSPermGen       total 22016K, used 10972K [0x00000007bae00000, 0x00000007bc380000, 0x00000007c0000000)
  object space 22016K, 49% used [0x00000007bae00000,0x00000007bb8b7180,0x00000007bc380000)
Event: 27.671 GC heap after
Heap after GC invocations=5 (full 1):
 PSYoungGen      total 34816K, used 2560K [0x00000007eaa80000, 0x00000007ecf80000, 0x0000000800000000)
  eden space 32256K, 0% used [0x00000007eaa80000,0x00000007eaa80000,0x00000007eca00000)
  from space 2560K, 100% used [0x00000007ecd00000,0x00000007ecf80000,0x00000007ecf80000)
  to   space 2560K, 0% used [0x00000007eca80000,0x00000007eca80000,0x00000007ecd00000)
 ParOldGen       total 59392K, used 47028K [0x00000007c0000000, 0x00000007c3a00000, 0x00000007eaa80000)
  object space 59392K, 79% used [0x00000007c0000000,0x00000007c2ded250,0x00000007c3a00000)
 PSPermGen       total 22016K, used 10972K [0x00000007bae00000, 0x00000007bc380000, 0x00000007c0000000)
  object space 22016K, 49% used [0x00000007bae00000,0x00000007bb8b7180,0x00000007bc380000)
}
Event: 27.671 GC heap before
{Heap before GC invocations=6 (full 2):
 PSYoungGen      total 34816K, used 2560K [0x00000007eaa80000, 0x00000007ecf80000, 0x0000000800000000)
  eden space 32256K, 0% used [0x00000007eaa80000,0x00000007eaa80000,0x00000007eca00000)
  from space 2560K, 100% used [0x00000007ecd00000,0x00000007ecf80000,0x00000007ecf80000)
  to   space 2560K, 0% used [0x00000007eca80000,0x00000007eca80000,0x00000007ecd00000)
 ParOldGen       total 59392K, used 47028K [0x00000007c0000000, 0x00000007c3a00000, 0x00000007eaa80000)
  object space 59392K, 79% used [0x00000007c0000000,0x00000007c2ded250,0x00000007c3a00000)
 PSPermGen       total 22016K, used 10972K [0x00000007bae00000, 0x00000007bc380000, 0x00000007c0000000)
  object space 22016K, 49% used [0x00000007bae00000,0x00000007bb8b7180,0x00000007bc380000)
Event: 27.985 GC heap after
Heap after GC invocations=6 (full 2):
 PSYoungGen      total 34816K, used 0K [0x00000007eaa80000, 0x00000007ecf80000, 0x0000000800000000)
  eden space 32256K, 0% used [0x00000007eaa80000,0x00000007eaa80000,0x00000007eca00000)
  from space 2560K, 0% used [0x00000007ecd00000,0x00000007ecd00000,0x00000007ecf80000)
  to   space 2560K, 0% used [0x00000007eca80000,0x00000007eca80000,0x00000007ecd00000)
 ParOldGen       total 81408K, used 42814K [0x00000007c0000000, 0x00000007c4f80000, 0x00000007eaa80000)
  object space 81408K, 52% used [0x00000007c0000000,0x00000007c29cfa00,0x00000007c4f80000)
 PSPermGen       total 25088K, used 10972K [0x00000007bae00000, 0x00000007bc680000, 0x00000007c0000000)
  object space 25088K, 43% used [0x00000007bae00000,0x00000007bb8b7180,0x00000007bc680000)
}
Event: 29.356 GC heap before
{Heap before GC invocations=7 (full 2):
 PSYoungGen      total 34816K, used 30245K [0x00000007eaa80000, 0x00000007ecf80000, 0x0000000800000000)
  eden space 32256K, 93% used [0x00000007eaa80000,0x00000007ec8097c8,0x00000007eca00000)
  from space 2560K, 0% used [0x00000007ecd00000,0x00000007ecd00000,0x00000007ecf80000)
  to   space 2560K, 0% used [0x00000007eca80000,0x00000007eca80000,0x00000007ecd00000)
 ParOldGen       total 81408K, used 42814K [0x00000007c0000000, 0x00000007c4f80000, 0x00000007eaa80000)
  object space 81408K, 52% used [0x00000007c0000000,0x00000007c29cfa00,0x00000007c4f80000)
 PSPermGen       total 25088K, used 10980K [0x00000007bae00000, 0x00000007bc680000, 0x00000007c0000000)
  object space 25088K, 43% used [0x00000007bae00000,0x00000007bb8b92a0,0x00000007bc680000)
Event: 29.365 GC heap after
Heap after GC invocations=7 (full 2):
 PSYoungGen      total 35328K, used 2444K [0x00000007eaa80000, 0x00000007f0f80000, 0x0000000800000000)
  eden space 32768K, 0% used [0x00000007eaa80000,0x00000007eaa80000,0x00000007eca80000)
  from space 2560K, 95% used [0x00000007eca80000,0x00000007ecce3058,0x00000007ecd00000)
  to   space 22528K, 0% used [0x00000007ef980000,0x00000007ef980000,0x00000007f0f80000)
 ParOldGen       total 81408K, used 51078K [0x00000007c0000000, 0x00000007c4f80000, 0x00000007eaa80000)
  object space 81408K, 62% used [0x00000007c0000000,0x00000007c31e1978,0x00000007c4f80000)
 PSPermGen       total 25088K, used 10980K [0x00000007bae00000, 0x00000007bc680000, 0x00000007c0000000)
  object space 25088K, 43% used [0x00000007bae00000,0x00000007bb8b92a0,0x00000007bc680000)
}

