# JRE version: Java(TM) SE Runtime Environment (7.0_40-b43) (build 1.7.0_40-b43)
# Java VM: Java HotSpot(TM) 64-Bit Server VM (24.0-b56 mixed mode bsd-amd64 compressed oops)
Heap
 PSYoungGen      total 61440K, used 54060K [0x00000007eaa80000, 0x00000007f1400000, 0x0000000800000000)
  eden space 37888K, 94% used [0x00000007eaa80000,0x00000007ecd83f98,0x00000007ecf80000)
  from space 23552K, 77% used [0x00000007ecf80000,0x00000007ee147110,0x00000007ee680000)
  to   space 26112K, 0% used [0x00000007efa80000,0x00000007efa80000,0x00000007f1400000)
 ParOldGen       total 144384K, used 70496K [0x00000007c0000000, 0x00000007c8d00000, 0x00000007eaa80000)
  object space 144384K, 48% used [0x00000007c0000000,0x00000007c44d83e8,0x00000007c8d00000)
 PSPermGen       total 23552K, used 11455K [0x00000007bae00000, 0x00000007bc500000, 0x00000007c0000000)
  object space 23552K, 48% used [0x00000007bae00000,0x00000007bb92fc38,0x00000007bc500000)
GC Heap History (10 events):
Event: 11.010 GC heap before
{Heap before GC invocations=5 (full 1):
 PSYoungGen      total 19456K, used 17808K [0x00000007eaa80000, 0x00000007eca00000, 0x0000000800000000)
  eden space 16896K, 100% used [0x00000007eaa80000,0x00000007ebb00000,0x00000007ebb00000)
  from space 2560K, 35% used [0x00000007ebb00000,0x00000007ebbe4010,0x00000007ebd80000)
  to   space 2560K, 0% used [0x00000007ec780000,0x00000007ec780000,0x00000007eca00000)
 ParOldGen       total 79360K, used 52055K [0x00000007c0000000, 0x00000007c4d80000, 0x00000007eaa80000)
  object space 79360K, 65% used [0x00000007c0000000,0x00000007c32d5f68,0x00000007c4d80000)
 PSPermGen       total 21504K, used 10861K [0x00000007bae00000, 0x00000007bc300000, 0x00000007c0000000)
  object space 21504K, 50% used [0x00000007bae00000,0x00000007bb89b488,0x00000007bc300000)
Event: 11.020 GC heap after
Heap after GC invocations=5 (full 1):
 PSYoungGen      total 28160K, used 1816K [0x00000007eaa80000, 0x00000007ec980000, 0x0000000800000000)
  eden space 26112K, 0% used [0x00000007eaa80000,0x00000007eaa80000,0x00000007ec400000)
  from space 2048K, 88% used [0x00000007ec780000,0x00000007ec9461c8,0x00000007ec980000)
  to   space 2560K, 0% used [0x00000007ec480000,0x00000007ec480000,0x00000007ec700000)
 ParOldGen       total 79360K, used 59965K [0x00000007c0000000, 0x00000007c4d80000, 0x00000007eaa80000)
  object space 79360K, 75% used [0x00000007c0000000,0x00000007c3a8f768,0x00000007c4d80000)
 PSPermGen       total 21504K, used 10861K [0x00000007bae00000, 0x00000007bc300000, 0x00000007c0000000)
  object space 21504K, 50% used [0x00000007bae00000,0x00000007bb89b488,0x00000007bc300000)
}
Event: 11.621 GC heap before
{Heap before GC invocations=6 (full 1):
 PSYoungGen      total 28160K, used 27928K [0x00000007eaa80000, 0x00000007ec980000, 0x0000000800000000)
  eden space 26112K, 100% used [0x00000007eaa80000,0x00000007ec400000,0x00000007ec400000)
  from space 2048K, 88% used [0x00000007ec780000,0x00000007ec9461c8,0x00000007ec980000)
  to   space 2560K, 0% used [0x00000007ec480000,0x00000007ec480000,0x00000007ec700000)
 ParOldGen       total 79360K, used 59965K [0x00000007c0000000, 0x00000007c4d80000, 0x00000007eaa80000)
  object space 79360K, 75% used [0x00000007c0000000,0x00000007c3a8f768,0x00000007c4d80000)
 PSPermGen       total 21504K, used 11318K [0x00000007bae00000, 0x00000007bc300000, 0x00000007c0000000)
  object space 21504K, 52% used [0x00000007bae00000,0x00000007bb90db40,0x00000007bc300000)
Event: 11.663 GC heap after
Heap after GC invocations=6 (full 1):
 PSYoungGen      total 29184K, used 2535K [0x00000007eaa80000, 0x00000007eff00000, 0x0000000800000000)
  eden space 26624K, 0% used [0x00000007eaa80000,0x00000007eaa80000,0x00000007ec480000)
  from space 2560K, 99% used [0x00000007ec480000,0x00000007ec6f9c70,0x00000007ec700000)
  to   space 20480K, 0% used [0x00000007eeb00000,0x00000007eeb00000,0x00000007eff00000)
 ParOldGen       total 83456K, used 83384K [0x00000007c0000000, 0x00000007c5180000, 0x00000007eaa80000)
  object space 83456K, 99% used [0x00000007c0000000,0x00000007c516e030,0x00000007c5180000)
 PSPermGen       total 21504K, used 11318K [0x00000007bae00000, 0x00000007bc300000, 0x00000007c0000000)
  object space 21504K, 52% used [0x00000007bae00000,0x00000007bb90db40,0x00000007bc300000)
}
Event: 11.663 GC heap before
{Heap before GC invocations=7 (full 2):
 PSYoungGen      total 29184K, used 2535K [0x00000007eaa80000, 0x00000007eff00000, 0x0000000800000000)
  eden space 26624K, 0% used [0x00000007eaa80000,0x00000007eaa80000,0x00000007ec480000)
  from space 2560K, 99% used [0x00000007ec480000,0x00000007ec6f9c70,0x00000007ec700000)
  to   space 20480K, 0% used [0x00000007eeb00000,0x00000007eeb00000,0x00000007eff00000)
 ParOldGen       total 83456K, used 83384K [0x00000007c0000000, 0x00000007c5180000, 0x00000007eaa80000)
  object space 83456K, 99% used [0x00000007c0000000,0x00000007c516e030,0x00000007c5180000)
 PSPermGen       total 21504K, used 11318K [0x00000007bae00000, 0x00000007bc300000, 0x00000007c0000000)
  object space 21504K, 52% used [0x00000007bae00000,0x00000007bb90db40,0x00000007bc300000)
Event: 11.881 GC heap after
Heap after GC invocations=7 (full 2):
 PSYoungGen      total 29184K, used 0K [0x00000007eaa80000, 0x00000007eff00000, 0x0000000800000000)
  eden space 26624K, 0% used [0x00000007eaa80000,0x00000007eaa80000,0x00000007ec480000)
  from space 2560K, 0% used [0x00000007ec480000,0x00000007ec480000,0x00000007ec700000)
  to   space 20480K, 0% used [0x00000007eeb00000,0x00000007eeb00000,0x00000007eff00000)
 ParOldGen       total 144384K, used 70496K [0x00000007c0000000, 0x00000007c8d00000, 0x00000007eaa80000)
  object space 144384K, 48% used [0x00000007c0000000,0x00000007c44d83e8,0x00000007c8d00000)
 PSPermGen       total 23552K, used 11318K [0x00000007bae00000, 0x00000007bc500000, 0x00000007c0000000)
  object space 23552K, 48% used [0x00000007bae00000,0x00000007bb90daf0,0x00000007bc500000)
}
Event: 19.192 GC heap before
{Heap before GC invocations=8 (full 2):
 PSYoungGen      total 29184K, used 24264K [0x00000007eaa80000, 0x00000007eff00000, 0x0000000800000000)
  eden space 26624K, 91% used [0x00000007eaa80000,0x00000007ec232330,0x00000007ec480000)
  from space 2560K, 0% used [0x00000007ec480000,0x00000007ec480000,0x00000007ec700000)
  to   space 20480K, 0% used [0x00000007eeb00000,0x00000007eeb00000,0x00000007eff00000)
 ParOldGen       total 144384K, used 70496K [0x00000007c0000000, 0x00000007c8d00000, 0x00000007eaa80000)
  object space 144384K, 48% used [0x00000007c0000000,0x00000007c44d83e8,0x00000007c8d00000)
 PSPermGen       total 23552K, used 11389K [0x00000007bae00000, 0x00000007bc500000, 0x00000007c0000000)
  object space 23552K, 48% used [0x00000007bae00000,0x00000007bb91f5f8,0x00000007bc500000)
Event: 19.219 GC heap after
Heap after GC invocations=8 (full 2):
 PSYoungGen      total 56832K, used 16494K [0x00000007eaa80000, 0x00000007efd80000, 0x0000000800000000)
  eden space 37888K, 0% used [0x00000007eaa80000,0x00000007eaa80000,0x00000007ecf80000)
  from space 18944K, 87% used [0x00000007eeb00000,0x00000007efb1ba58,0x00000007efd80000)
  to   space 23552K, 0% used [0x00000007ecf80000,0x00000007ecf80000,0x00000007ee680000)
 ParOldGen       total 144384K, used 70496K [0x00000007c0000000, 0x00000007c8d00000, 0x00000007eaa80000)
  object space 144384K, 48% used [0x00000007c0000000,0x00000007c44d83e8,0x00000007c8d00000)
 PSPermGen       total 23552K, used 11389K [0x00000007bae00000, 0x00000007bc500000, 0x00000007c0000000)
  object space 23552K, 48% used [0x00000007bae00000,0x00000007bb91f5f8,0x00000007bc500000)
}
Event: 20.068 GC heap before
{Heap before GC invocations=9 (full 2):
 PSYoungGen      total 56832K, used 52330K [0x00000007eaa80000, 0x00000007efd80000, 0x0000000800000000)
  eden space 37888K, 94% used [0x00000007eaa80000,0x00000007ecd7efc8,0x00000007ecf80000)
  from space 18944K, 87% used [0x00000007eeb00000,0x00000007efb1ba58,0x00000007efd80000)
  to   space 23552K, 0% used [0x00000007ecf80000,0x00000007ecf80000,0x00000007ee680000)
 ParOldGen       total 144384K, used 70496K [0x00000007c0000000, 0x00000007c8d00000, 0x00000007eaa80000)
  object space 144384K, 48% used [0x00000007c0000000,0x00000007c44d83e8,0x00000007c8d00000)
 PSPermGen       total 23552K, used 11399K [0x00000007bae00000, 0x00000007bc500000, 0x00000007c0000000)
  object space 23552K, 48% used [0x00000007bae00000,0x00000007bb921c38,0x00000007bc500000)
Event: 20.096 GC heap after
Heap after GC invocations=9 (full 2):
 PSYoungGen      total 61440K, used 18204K [0x00000007eaa80000, 0x00000007f1400000, 0x0000000800000000)
  eden space 37888K, 0% used [0x00000007eaa80000,0x00000007eaa80000,0x00000007ecf80000)
  from space 23552K, 77% used [0x00000007ecf80000,0x00000007ee147110,0x00000007ee680000)
  to   space 26112K, 0% used [0x00000007efa80000,0x00000007efa80000,0x00000007f1400000)
 ParOldGen       total 144384K, used 70496K [0x00000007c0000000, 0x00000007c8d00000, 0x00000007eaa80000)
  object space 144384K, 48% used [0x00000007c0000000,0x00000007c44d83e8,0x00000007c8d00000)
 PSPermGen       total 23552K, used 11399K [0x00000007bae00000, 0x00000007bc500000, 0x00000007c0000000)
  object space 23552K, 48% used [0x00000007bae00000,0x00000007bb921c38,0x00000007bc500000)
}

