# JRE version: Java(TM) SE Runtime Environment (7.0_40-b43) (build 1.7.0_40-b43)
# Java VM: Java HotSpot(TM) 64-Bit Server VM (24.0-b56 mixed mode bsd-amd64 compressed oops)
Heap
 PSYoungGen      total 71168K, used 33733K [0x00000007eaa80000, 0x00000007f1700000, 0x0000000800000000)
  eden space 40960K, 29% used [0x00000007eaa80000,0x00000007eb630130,0x00000007ed280000)
  from space 30208K, 72% used [0x00000007ef280000,0x00000007f07c15d8,0x00000007f1000000)
  to   space 32768K, 0% used [0x00000007ed280000,0x00000007ed280000,0x00000007ef280000)
 ParOldGen       total 111616K, used 72690K [0x00000007c0000000, 0x00000007c6d00000, 0x00000007eaa80000)
  object space 111616K, 65% used [0x00000007c0000000,0x00000007c46fc900,0x00000007c6d00000)
 PSPermGen       total 22016K, used 11438K [0x00000007bae00000, 0x00000007bc380000, 0x00000007c0000000)
  object space 22016K, 51% used [0x00000007bae00000,0x00000007bb92bb60,0x00000007bc380000)
GC Heap History (10 events):
Event: 5.907 GC heap before
{Heap before GC invocations=6 (full 2):
 PSYoungGen      total 30208K, used 768K [0x00000007eaa80000, 0x00000007ecb00000, 0x0000000800000000)
  eden space 27648K, 0% used [0x00000007eaa80000,0x00000007eaa80000,0x00000007ec580000)
  from space 2560K, 30% used [0x00000007ec800000,0x00000007ec8c0000,0x00000007eca80000)
  to   space 2560K, 0% used [0x00000007ec580000,0x00000007ec580000,0x00000007ec800000)
 ParOldGen       total 82432K, used 66041K [0x00000007c0000000, 0x00000007c5080000, 0x00000007eaa80000)
  object space 82432K, 80% used [0x00000007c0000000,0x00000007c407e658,0x00000007c5080000)
 PSPermGen       total 21504K, used 9786K [0x00000007bae00000, 0x00000007bc300000, 0x00000007c0000000)
  object space 21504K, 45% used [0x00000007bae00000,0x00000007bb78eb98,0x00000007bc300000)
Event: 5.940 GC heap after
Heap after GC invocations=6 (full 2):
 PSYoungGen      total 30208K, used 0K [0x00000007eaa80000, 0x00000007ecb00000, 0x0000000800000000)
  eden space 27648K, 0% used [0x00000007eaa80000,0x00000007eaa80000,0x00000007ec580000)
  from space 2560K, 0% used [0x00000007ec800000,0x00000007ec800000,0x00000007eca80000)
  to   space 2560K, 0% used [0x00000007ec580000,0x00000007ec580000,0x00000007ec800000)
 ParOldGen       total 111616K, used 45635K [0x00000007c0000000, 0x00000007c6d00000, 0x00000007eaa80000)
  object space 111616K, 40% used [0x00000007c0000000,0x00000007c2c90c18,0x00000007c6d00000)
 PSPermGen       total 22016K, used 9786K [0x00000007bae00000, 0x00000007bc380000, 0x00000007c0000000)
  object space 22016K, 44% used [0x00000007bae00000,0x00000007bb78eb98,0x00000007bc380000)
}
Event: 7.644 GC heap before
{Heap before GC invocations=7 (full 2):
 PSYoungGen      total 30208K, used 27648K [0x00000007eaa80000, 0x00000007ecb00000, 0x0000000800000000)
  eden space 27648K, 100% used [0x00000007eaa80000,0x00000007ec580000,0x00000007ec580000)
  from space 2560K, 0% used [0x00000007ec800000,0x00000007ec800000,0x00000007eca80000)
  to   space 2560K, 0% used [0x00000007ec580000,0x00000007ec580000,0x00000007ec800000)
 ParOldGen       total 111616K, used 45635K [0x00000007c0000000, 0x00000007c6d00000, 0x00000007eaa80000)
  object space 111616K, 40% used [0x00000007c0000000,0x00000007c2c90c18,0x00000007c6d00000)
 PSPermGen       total 22016K, used 11348K [0x00000007bae00000, 0x00000007bc380000, 0x00000007c0000000)
  object space 22016K, 51% used [0x00000007bae00000,0x00000007bb9153f8,0x00000007bc380000)
Event: 7.652 GC heap after
Heap after GC invocations=7 (full 2):
 PSYoungGen      total 30208K, used 2535K [0x00000007eaa80000, 0x00000007eed80000, 0x0000000800000000)
  eden space 27648K, 0% used [0x00000007eaa80000,0x00000007eaa80000,0x00000007ec580000)
  from space 2560K, 99% used [0x00000007ec580000,0x00000007ec7f9c70,0x00000007ec800000)
  to   space 13824K, 0% used [0x00000007ee000000,0x00000007ee000000,0x00000007eed80000)
 ParOldGen       total 111616K, used 56714K [0x00000007c0000000, 0x00000007c6d00000, 0x00000007eaa80000)
  object space 111616K, 50% used [0x00000007c0000000,0x00000007c3762900,0x00000007c6d00000)
 PSPermGen       total 22016K, used 11348K [0x00000007bae00000, 0x00000007bc380000, 0x00000007c0000000)
  object space 22016K, 51% used [0x00000007bae00000,0x00000007bb9153f8,0x00000007bc380000)
}
Event: 8.755 GC heap before
{Heap before GC invocations=8 (full 2):
 PSYoungGen      total 30208K, used 29865K [0x00000007eaa80000, 0x00000007eed80000, 0x0000000800000000)
  eden space 27648K, 98% used [0x00000007eaa80000,0x00000007ec530a98,0x00000007ec580000)
  from space 2560K, 99% used [0x00000007ec580000,0x00000007ec7f9c70,0x00000007ec800000)
  to   space 13824K, 0% used [0x00000007ee000000,0x00000007ee000000,0x00000007eed80000)
 ParOldGen       total 111616K, used 56714K [0x00000007c0000000, 0x00000007c6d00000, 0x00000007eaa80000)
  object space 111616K, 50% used [0x00000007c0000000,0x00000007c3762900,0x00000007c6d00000)
 PSPermGen       total 22016K, used 11349K [0x00000007bae00000, 0x00000007bc380000, 0x00000007c0000000)
  object space 22016K, 51% used [0x00000007bae00000,0x00000007bb915638,0x00000007bc380000)
Event: 8.833 GC heap after
Heap after GC invocations=8 (full 2):
 PSYoungGen      total 41984K, used 13815K [0x00000007eaa80000, 0x00000007f0980000, 0x0000000800000000)
  eden space 28160K, 0% used [0x00000007eaa80000,0x00000007eaa80000,0x00000007ec600000)
  from space 13824K, 99% used [0x00000007ee000000,0x00000007eed7dc80,0x00000007eed80000)
  to   space 26624K, 0% used [0x00000007ec600000,0x00000007ec600000,0x00000007ee000000)
 ParOldGen       total 111616K, used 72690K [0x00000007c0000000, 0x00000007c6d00000, 0x00000007eaa80000)
  object space 111616K, 65% used [0x00000007c0000000,0x00000007c46fc900,0x00000007c6d00000)
 PSPermGen       total 22016K, used 11349K [0x00000007bae00000, 0x00000007bc380000, 0x00000007c0000000)
  object space 22016K, 51% used [0x00000007bae00000,0x00000007bb915638,0x00000007bc380000)
}
Event: 12.650 GC heap before
{Heap before GC invocations=9 (full 2):
 PSYoungGen      total 41984K, used 38642K [0x00000007eaa80000, 0x00000007f0980000, 0x0000000800000000)
  eden space 28160K, 88% used [0x00000007eaa80000,0x00000007ec2bed80,0x00000007ec600000)
  from space 13824K, 99% used [0x00000007ee000000,0x00000007eed7dc80,0x00000007eed80000)
  to   space 26624K, 0% used [0x00000007ec600000,0x00000007ec600000,0x00000007ee000000)
 ParOldGen       total 111616K, used 72690K [0x00000007c0000000, 0x00000007c6d00000, 0x00000007eaa80000)
  object space 111616K, 65% used [0x00000007c0000000,0x00000007c46fc900,0x00000007c6d00000)
 PSPermGen       total 22016K, used 11416K [0x00000007bae00000, 0x00000007bc380000, 0x00000007c0000000)
  object space 22016K, 51% used [0x00000007bae00000,0x00000007bb9263a0,0x00000007bc380000)
Event: 12.680 GC heap after
Heap after GC invocations=9 (full 2):
 PSYoungGen      total 54784K, used 21742K [0x00000007eaa80000, 0x00000007f1000000, 0x0000000800000000)
  eden space 28160K, 0% used [0x00000007eaa80000,0x00000007eaa80000,0x00000007ec600000)
  from space 26624K, 81% used [0x00000007ec600000,0x00000007edb3ba30,0x00000007ee000000)
  to   space 30208K, 0% used [0x00000007ef280000,0x00000007ef280000,0x00000007f1000000)
 ParOldGen       total 111616K, used 72690K [0x00000007c0000000, 0x00000007c6d00000, 0x00000007eaa80000)
  object space 111616K, 65% used [0x00000007c0000000,0x00000007c46fc900,0x00000007c6d00000)
 PSPermGen       total 22016K, used 11416K [0x00000007bae00000, 0x00000007bc380000, 0x00000007c0000000)
  object space 22016K, 51% used [0x00000007bae00000,0x00000007bb9263a0,0x00000007bc380000)
}
Event: 13.108 GC heap before
{Heap before GC invocations=10 (full 2):
 PSYoungGen      total 54784K, used 48122K [0x00000007eaa80000, 0x00000007f1000000, 0x0000000800000000)
  eden space 28160K, 93% used [0x00000007eaa80000,0x00000007ec443148,0x00000007ec600000)
  from space 26624K, 81% used [0x00000007ec600000,0x00000007edb3ba30,0x00000007ee000000)
  to   space 30208K, 0% used [0x00000007ef280000,0x00000007ef280000,0x00000007f1000000)
 ParOldGen       total 111616K, used 72690K [0x00000007c0000000, 0x00000007c6d00000, 0x00000007eaa80000)
  object space 111616K, 65% used [0x00000007c0000000,0x00000007c46fc900,0x00000007c6d00000)
 PSPermGen       total 22016K, used 11420K [0x00000007bae00000, 0x00000007bc380000, 0x00000007c0000000)
  object space 22016K, 51% used [0x00000007bae00000,0x00000007bb927010,0x00000007bc380000)
Event: 13.139 GC heap after
Heap after GC invocations=10 (full 2):
 PSYoungGen      total 71168K, used 21765K [0x00000007eaa80000, 0x00000007f1700000, 0x0000000800000000)
  eden space 40960K, 0% used [0x00000007eaa80000,0x00000007eaa80000,0x00000007ed280000)
  from space 30208K, 72% used [0x00000007ef280000,0x00000007f07c15d8,0x00000007f1000000)
  to   space 32768K, 0% used [0x00000007ed280000,0x00000007ed280000,0x00000007ef280000)
 ParOldGen       total 111616K, used 72690K [0x00000007c0000000, 0x00000007c6d00000, 0x00000007eaa80000)
  object space 111616K, 65% used [0x00000007c0000000,0x00000007c46fc900,0x00000007c6d00000)
 PSPermGen       total 22016K, used 11420K [0x00000007bae00000, 0x00000007bc380000, 0x00000007c0000000)
  object space 22016K, 51% used [0x00000007bae00000,0x00000007bb927010,0x00000007bc380000)
}

