# JRE version: Java(TM) SE Runtime Environment (7.0_40-b43) (build 1.7.0_40-b43)
# Java VM: Java HotSpot(TM) 64-Bit Server VM (24.0-b56 mixed mode bsd-amd64 compressed oops)
Heap
 PSYoungGen      total 31744K, used 25294K [0x00000007eaa80000, 0x00000007f0680000, 0x0000000800000000)
  eden space 29184K, 77% used [0x00000007eaa80000,0x00000007ec0b9ce8,0x00000007ec700000)
  from space 2560K, 99% used [0x00000007ec700000,0x00000007ec979c70,0x00000007ec980000)
  to   space 25600K, 0% used [0x00000007eed80000,0x00000007eed80000,0x00000007f0680000)
 ParOldGen       total 117760K, used 73018K [0x00000007c0000000, 0x00000007c7300000, 0x00000007eaa80000)
  object space 117760K, 62% used [0x00000007c0000000,0x00000007c474eba0,0x00000007c7300000)
 PSPermGen       total 22016K, used 11499K [0x00000007bae00000, 0x00000007bc380000, 0x00000007c0000000)
  object space 22016K, 52% used [0x00000007bae00000,0x00000007bb93adc8,0x00000007bc380000)
GC Heap History (10 events):
Event: 5.365 GC heap before
{Heap before GC invocations=3 (full 1):
 PSYoungGen      total 19456K, used 16442K [0x00000007eaa80000, 0x00000007ec000000, 0x0000000800000000)
  eden space 16896K, 94% used [0x00000007eaa80000,0x00000007eba12778,0x00000007ebb00000)
  from space 2560K, 19% used [0x00000007ebb00000,0x00000007ebb7c408,0x00000007ebd80000)
  to   space 2560K, 0% used [0x00000007ebd80000,0x00000007ebd80000,0x00000007ec000000)
 ParOldGen       total 80896K, used 43349K [0x00000007c0000000, 0x00000007c4f00000, 0x00000007eaa80000)
  object space 80896K, 53% used [0x00000007c0000000,0x00000007c2a556e8,0x00000007c4f00000)
 PSPermGen       total 21504K, used 9768K [0x00000007bae00000, 0x00000007bc300000, 0x00000007c0000000)
  object space 21504K, 45% used [0x00000007bae00000,0x00000007bb78a2b8,0x00000007bc300000)
Event: 5.374 GC heap after
Heap after GC invocations=3 (full 1):
 PSYoungGen      total 19456K, used 2533K [0x00000007eaa80000, 0x00000007ec980000, 0x0000000800000000)
  eden space 16896K, 0% used [0x00000007eaa80000,0x00000007eaa80000,0x00000007ebb00000)
  from space 2560K, 98% used [0x00000007ebd80000,0x00000007ebff9560,0x00000007ec000000)
  to   space 2560K, 0% used [0x00000007ebb00000,0x00000007ebb00000,0x00000007ebd80000)
 ParOldGen       total 80896K, used 48770K [0x00000007c0000000, 0x00000007c4f00000, 0x00000007eaa80000)
  object space 80896K, 60% used [0x00000007c0000000,0x00000007c2fa0b68,0x00000007c4f00000)
 PSPermGen       total 21504K, used 9768K [0x00000007bae00000, 0x00000007bc300000, 0x00000007c0000000)
  object space 21504K, 45% used [0x00000007bae00000,0x00000007bb78a2b8,0x00000007bc300000)
}
Event: 5.562 GC heap before
{Heap before GC invocations=4 (full 1):
 PSYoungGen      total 19456K, used 15637K [0x00000007eaa80000, 0x00000007ec980000, 0x0000000800000000)
  eden space 16896K, 77% used [0x00000007eaa80000,0x00000007eb74bec0,0x00000007ebb00000)
  from space 2560K, 98% used [0x00000007ebd80000,0x00000007ebff9560,0x00000007ec000000)
  to   space 2560K, 0% used [0x00000007ebb00000,0x00000007ebb00000,0x00000007ebd80000)
 ParOldGen       total 80896K, used 48770K [0x00000007c0000000, 0x00000007c4f00000, 0x00000007eaa80000)
  object space 80896K, 60% used [0x00000007c0000000,0x00000007c2fa0b68,0x00000007c4f00000)
 PSPermGen       total 21504K, used 9772K [0x00000007bae00000, 0x00000007bc300000, 0x00000007c0000000)
  object space 21504K, 45% used [0x00000007bae00000,0x00000007bb78b0e0,0x00000007bc300000)
Event: 5.572 GC heap after
Heap after GC invocations=4 (full 1):
 PSYoungGen      total 19456K, used 496K [0x00000007eaa80000, 0x00000007ecc00000, 0x0000000800000000)
  eden space 16896K, 0% used [0x00000007eaa80000,0x00000007eaa80000,0x00000007ebb00000)
  from space 2560K, 19% used [0x00000007ebb00000,0x00000007ebb7c010,0x00000007ebd80000)
  to   space 2560K, 0% used [0x00000007ec980000,0x00000007ec980000,0x00000007ecc00000)
 ParOldGen       total 80896K, used 60612K [0x00000007c0000000, 0x00000007c4f00000, 0x00000007eaa80000)
  object space 80896K, 74% used [0x00000007c0000000,0x00000007c3b31328,0x00000007c4f00000)
 PSPermGen       total 21504K, used 9772K [0x00000007bae00000, 0x00000007bc300000, 0x00000007c0000000)
  object space 21504K, 45% used [0x00000007bae00000,0x00000007bb78b0e0,0x00000007bc300000)
}
Event: 5.890 GC heap before
{Heap before GC invocations=5 (full 1):
 PSYoungGen      total 19456K, used 17007K [0x00000007eaa80000, 0x00000007ecc00000, 0x0000000800000000)
  eden space 16896K, 97% used [0x00000007eaa80000,0x00000007eba9fd68,0x00000007ebb00000)
  from space 2560K, 19% used [0x00000007ebb00000,0x00000007ebb7c010,0x00000007ebd80000)
  to   space 2560K, 0% used [0x00000007ec980000,0x00000007ec980000,0x00000007ecc00000)
 ParOldGen       total 80896K, used 60612K [0x00000007c0000000, 0x00000007c4f00000, 0x00000007eaa80000)
  object space 80896K, 74% used [0x00000007c0000000,0x00000007c3b31328,0x00000007c4f00000)
 PSPermGen       total 21504K, used 9779K [0x00000007bae00000, 0x00000007bc300000, 0x00000007c0000000)
  object space 21504K, 45% used [0x00000007bae00000,0x00000007bb78ceb8,0x00000007bc300000)
Event: 5.912 GC heap after
Heap after GC invocations=5 (full 1):
 PSYoungGen      total 31744K, used 512K [0x00000007eaa80000, 0x00000007ecd80000, 0x0000000800000000)
  eden space 29184K, 0% used [0x00000007eaa80000,0x00000007eaa80000,0x00000007ec700000)
  from space 2560K, 20% used [0x00000007ec980000,0x00000007eca00000,0x00000007ecc00000)
  to   space 2560K, 0% used [0x00000007ec700000,0x00000007ec700000,0x00000007ec980000)
 ParOldGen       total 80896K, used 72690K [0x00000007c0000000, 0x00000007c4f00000, 0x00000007eaa80000)
  object space 80896K, 89% used [0x00000007c0000000,0x00000007c46fc948,0x00000007c4f00000)
 PSPermGen       total 21504K, used 9779K [0x00000007bae00000, 0x00000007bc300000, 0x00000007c0000000)
  object space 21504K, 45% used [0x00000007bae00000,0x00000007bb78ceb8,0x00000007bc300000)
}
Event: 5.912 GC heap before
{Heap before GC invocations=6 (full 2):
 PSYoungGen      total 31744K, used 512K [0x00000007eaa80000, 0x00000007ecd80000, 0x0000000800000000)
  eden space 29184K, 0% used [0x00000007eaa80000,0x00000007eaa80000,0x00000007ec700000)
  from space 2560K, 20% used [0x00000007ec980000,0x00000007eca00000,0x00000007ecc00000)
  to   space 2560K, 0% used [0x00000007ec700000,0x00000007ec700000,0x00000007ec980000)
 ParOldGen       total 80896K, used 72690K [0x00000007c0000000, 0x00000007c4f00000, 0x00000007eaa80000)
  object space 80896K, 89% used [0x00000007c0000000,0x00000007c46fc948,0x00000007c4f00000)
 PSPermGen       total 21504K, used 9779K [0x00000007bae00000, 0x00000007bc300000, 0x00000007c0000000)
  object space 21504K, 45% used [0x00000007bae00000,0x00000007bb78ceb8,0x00000007bc300000)
Event: 5.976 GC heap after
Heap after GC invocations=6 (full 2):
 PSYoungGen      total 31744K, used 0K [0x00000007eaa80000, 0x00000007ecd80000, 0x0000000800000000)
  eden space 29184K, 0% used [0x00000007eaa80000,0x00000007eaa80000,0x00000007ec700000)
  from space 2560K, 0% used [0x00000007ec980000,0x00000007ec980000,0x00000007ecc00000)
  to   space 2560K, 0% used [0x00000007ec700000,0x00000007ec700000,0x00000007ec980000)
 ParOldGen       total 117760K, used 46867K [0x00000007c0000000, 0x00000007c7300000, 0x00000007eaa80000)
  object space 117760K, 39% used [0x00000007c0000000,0x00000007c2dc4eb8,0x00000007c7300000)
 PSPermGen       total 22016K, used 9779K [0x00000007bae00000, 0x00000007bc380000, 0x00000007c0000000)
  object space 22016K, 44% used [0x00000007bae00000,0x00000007bb78ce98,0x00000007bc380000)
}
Event: 7.853 GC heap before
{Heap before GC invocations=7 (full 2):
 PSYoungGen      total 31744K, used 29184K [0x00000007eaa80000, 0x00000007ecd80000, 0x0000000800000000)
  eden space 29184K, 100% used [0x00000007eaa80000,0x00000007ec700000,0x00000007ec700000)
  from space 2560K, 0% used [0x00000007ec980000,0x00000007ec980000,0x00000007ecc00000)
  to   space 2560K, 0% used [0x00000007ec700000,0x00000007ec700000,0x00000007ec980000)
 ParOldGen       total 117760K, used 46867K [0x00000007c0000000, 0x00000007c7300000, 0x00000007eaa80000)
  object space 117760K, 39% used [0x00000007c0000000,0x00000007c2dc4eb8,0x00000007c7300000)
 PSPermGen       total 22016K, used 11342K [0x00000007bae00000, 0x00000007bc380000, 0x00000007c0000000)
  object space 22016K, 51% used [0x00000007bae00000,0x00000007bb9138e8,0x00000007bc380000)
Event: 7.913 GC heap after
Heap after GC invocations=7 (full 2):
 PSYoungGen      total 31744K, used 2535K [0x00000007eaa80000, 0x00000007f0680000, 0x0000000800000000)
  eden space 29184K, 0% used [0x00000007eaa80000,0x00000007eaa80000,0x00000007ec700000)
  from space 2560K, 99% used [0x00000007ec700000,0x00000007ec979c70,0x00000007ec980000)
  to   space 25600K, 0% used [0x00000007eed80000,0x00000007eed80000,0x00000007f0680000)
 ParOldGen       total 117760K, used 73018K [0x00000007c0000000, 0x00000007c7300000, 0x00000007eaa80000)
  object space 117760K, 62% used [0x00000007c0000000,0x00000007c474eba0,0x00000007c7300000)
 PSPermGen       total 22016K, used 11342K [0x00000007bae00000, 0x00000007bc380000, 0x00000007c0000000)
  object space 22016K, 51% used [0x00000007bae00000,0x00000007bb9138e8,0x00000007bc380000)
}

